<?xml version="1.0" encoding="UTF-8"?>
<!-- Generated by org.testng.reporters.JUnitReportReporter -->
<testsuite hostname="EPINHYDW03DB" failures="0" tests="1" name="org.example.AppTest" time="0.012" errors="0" timestamp="2022-08-01T17:02:24 IST" skipped="0">
  <testcase classname="org.example.AppTest" name="shouldAnswerWithTrue" time="0.012"/>
  <system-out/>
</testsuite> <!-- org.example.AppTest -->
